2021-10-05 17:03:32.015 [main] INFO  o.s.c.a.AnnotationConfigApplicationContext - Refreshing org.springframework.context.annotation.AnnotationConfigApplicationContext@38af9828: startup date [Tue Oct 05 17:03:32 CST 2021]; root of context hierarchy
2021-10-05 17:03:32.154 [main] INFO  o.s.b.f.a.AutowiredAnnotationBeanPostProcessor - JSR-330 'javax.inject.Inject' annotation found and supported for autowiring
2021-10-05 17:03:32.177 [main] INFO  o.s.c.s.PostProcessorRegistrationDelegate$BeanPostProcessorChecker - Bean 'configurationPropertiesRebinderAutoConfiguration' of type [org.springframework.cloud.autoconfigure.ConfigurationPropertiesRebinderAutoConfiguration$$EnhancerBySpringCGLIB$$749a9afd] is not eligible for getting processed by all BeanPostProcessors (for example: not eligible for auto-proxying)
2021-10-05 17:03:32.230 [background-preinit] INFO  org.hibernate.validator.internal.util.Version - HV000001: Hibernate Validator 5.3.6.Final
2021-10-05 17:03:32.407 [main] INFO  xyz.qinghuan.OrderTicketServiceImplTest - No active profile set, falling back to default profiles: default
2021-10-05 17:03:32.409 [main] INFO  o.s.w.context.support.GenericWebApplicationContext - Refreshing org.springframework.web.context.support.GenericWebApplicationContext@3954d008: startup date [Tue Oct 05 17:03:32 CST 2021]; parent: org.springframework.context.annotation.AnnotationConfigApplicationContext@38af9828
2021-10-05 17:03:32.787 [main] INFO  o.s.d.r.config.RepositoryConfigurationDelegate - Multiple Spring Data modules found, entering strict repository configuration mode!
2021-10-05 17:03:32.988 [main] INFO  o.springframework.cloud.context.scope.GenericScope - BeanFactory id=c43d9614-2e59-37c8-aca9-0526e6cfd9aa
2021-10-05 17:03:33.023 [main] INFO  o.s.b.f.a.AutowiredAnnotationBeanPostProcessor - JSR-330 'javax.inject.Inject' annotation found and supported for autowiring
2021-10-05 17:03:33.088 [main] INFO  o.s.c.s.PostProcessorRegistrationDelegate$BeanPostProcessorChecker - Bean 'org.springframework.cloud.autoconfigure.ConfigurationPropertiesRebinderAutoConfiguration' of type [org.springframework.cloud.autoconfigure.ConfigurationPropertiesRebinderAutoConfiguration$$EnhancerBySpringCGLIB$$749a9afd] is not eligible for getting processed by all BeanPostProcessors (for example: not eligible for auto-proxying)
2021-10-05 17:03:33.096 [main] INFO  o.s.c.s.PostProcessorRegistrationDelegate$BeanPostProcessorChecker - Bean 'org.springframework.transaction.annotation.ProxyTransactionManagementConfiguration' of type [org.springframework.transaction.annotation.ProxyTransactionManagementConfiguration$$EnhancerBySpringCGLIB$$58809800] is not eligible for getting processed by all BeanPostProcessors (for example: not eligible for auto-proxying)
2021-10-05 17:03:33.294 [main] INFO  com.mchange.v2.log.MLog - MLog clients using log4j logging.
2021-10-05 17:03:33.313 [main] INFO  com.mchange.v2.c3p0.C3P0Registry - Initializing c3p0-0.9.1.1 [built 15-March-2007 01:32:31; debug? true; trace: 10]
2021-10-05 17:03:33.333 [main] INFO  org.quartz.impl.StdSchedulerFactory - Using default implementation for ThreadExecutor
2021-10-05 17:03:33.336 [main] INFO  org.quartz.simpl.SimpleThreadPool - Job execution threads will use class loader of thread: main
2021-10-05 17:03:33.347 [main] INFO  org.quartz.core.SchedulerSignalerImpl - Initialized Scheduler Signaller of type: class org.quartz.core.SchedulerSignalerImpl
2021-10-05 17:03:33.347 [main] INFO  org.quartz.core.QuartzScheduler - Quartz Scheduler v.2.2.3 created.
2021-10-05 17:05:30.508 [main] INFO  o.s.c.a.AnnotationConfigApplicationContext - Refreshing org.springframework.context.annotation.AnnotationConfigApplicationContext@376a0d86: startup date [Tue Oct 05 17:05:30 CST 2021]; root of context hierarchy
2021-10-05 17:05:30.670 [main] INFO  o.s.b.f.a.AutowiredAnnotationBeanPostProcessor - JSR-330 'javax.inject.Inject' annotation found and supported for autowiring
2021-10-05 17:05:30.700 [main] INFO  o.s.c.s.PostProcessorRegistrationDelegate$BeanPostProcessorChecker - Bean 'configurationPropertiesRebinderAutoConfiguration' of type [org.springframework.cloud.autoconfigure.ConfigurationPropertiesRebinderAutoConfiguration$$EnhancerBySpringCGLIB$$c0793dfc] is not eligible for getting processed by all BeanPostProcessors (for example: not eligible for auto-proxying)
2021-10-05 17:05:30.767 [background-preinit] INFO  org.hibernate.validator.internal.util.Version - HV000001: Hibernate Validator 5.3.6.Final
2021-10-05 17:05:30.951 [main] INFO  xyz.qinghuan.OrderTicketServiceImplTest - No active profile set, falling back to default profiles: default
2021-10-05 17:05:30.953 [main] INFO  o.s.w.context.support.GenericWebApplicationContext - Refreshing org.springframework.web.context.support.GenericWebApplicationContext@61861a29: startup date [Tue Oct 05 17:05:30 CST 2021]; parent: org.springframework.context.annotation.AnnotationConfigApplicationContext@376a0d86
2021-10-05 17:05:31.370 [main] INFO  o.s.d.r.config.RepositoryConfigurationDelegate - Multiple Spring Data modules found, entering strict repository configuration mode!
2021-10-05 17:05:31.587 [main] INFO  o.springframework.cloud.context.scope.GenericScope - BeanFactory id=c43d9614-2e59-37c8-aca9-0526e6cfd9aa
2021-10-05 17:05:31.627 [main] INFO  o.s.b.f.a.AutowiredAnnotationBeanPostProcessor - JSR-330 'javax.inject.Inject' annotation found and supported for autowiring
2021-10-05 17:05:31.704 [main] INFO  o.s.c.s.PostProcessorRegistrationDelegate$BeanPostProcessorChecker - Bean 'org.springframework.cloud.autoconfigure.ConfigurationPropertiesRebinderAutoConfiguration' of type [org.springframework.cloud.autoconfigure.ConfigurationPropertiesRebinderAutoConfiguration$$EnhancerBySpringCGLIB$$c0793dfc] is not eligible for getting processed by all BeanPostProcessors (for example: not eligible for auto-proxying)
2021-10-05 17:05:31.714 [main] INFO  o.s.c.s.PostProcessorRegistrationDelegate$BeanPostProcessorChecker - Bean 'org.springframework.transaction.annotation.ProxyTransactionManagementConfiguration' of type [org.springframework.transaction.annotation.ProxyTransactionManagementConfiguration$$EnhancerBySpringCGLIB$$a45f3aff] is not eligible for getting processed by all BeanPostProcessors (for example: not eligible for auto-proxying)
2021-10-05 17:05:31.928 [main] INFO  com.mchange.v2.log.MLog - MLog clients using log4j logging.
2021-10-05 17:05:31.943 [main] INFO  com.mchange.v2.c3p0.C3P0Registry - Initializing c3p0-0.9.1.1 [built 15-March-2007 01:32:31; debug? true; trace: 10]
2021-10-05 17:05:31.961 [main] INFO  org.quartz.impl.StdSchedulerFactory - Using default implementation for ThreadExecutor
2021-10-05 17:05:31.963 [main] INFO  org.quartz.simpl.SimpleThreadPool - Job execution threads will use class loader of thread: main
2021-10-05 17:05:31.971 [main] INFO  org.quartz.core.SchedulerSignalerImpl - Initialized Scheduler Signaller of type: class org.quartz.core.SchedulerSignalerImpl
2021-10-05 17:05:31.972 [main] INFO  org.quartz.core.QuartzScheduler - Quartz Scheduler v.2.2.3 created.
2021-10-05 17:06:20.148 [main] INFO  o.s.c.a.AnnotationConfigApplicationContext - Refreshing org.springframework.context.annotation.AnnotationConfigApplicationContext@62656be4: startup date [Tue Oct 05 17:06:20 CST 2021]; root of context hierarchy
2021-10-05 17:06:20.299 [main] INFO  o.s.b.f.a.AutowiredAnnotationBeanPostProcessor - JSR-330 'javax.inject.Inject' annotation found and supported for autowiring
2021-10-05 17:06:20.321 [main] INFO  o.s.c.s.PostProcessorRegistrationDelegate$BeanPostProcessorChecker - Bean 'configurationPropertiesRebinderAutoConfiguration' of type [org.springframework.cloud.autoconfigure.ConfigurationPropertiesRebinderAutoConfiguration$$EnhancerBySpringCGLIB$$1d6d91aa] is not eligible for getting processed by all BeanPostProcessors (for example: not eligible for auto-proxying)
2021-10-05 17:06:20.373 [background-preinit] INFO  org.hibernate.validator.internal.util.Version - HV000001: Hibernate Validator 5.3.6.Final
2021-10-05 17:06:20.564 [main] INFO  xyz.qinghuan.OrderTicketServiceImplTest - No active profile set, falling back to default profiles: default
2021-10-05 17:06:20.566 [main] INFO  o.s.w.context.support.GenericWebApplicationContext - Refreshing org.springframework.web.context.support.GenericWebApplicationContext@439a8f59: startup date [Tue Oct 05 17:06:20 CST 2021]; parent: org.springframework.context.annotation.AnnotationConfigApplicationContext@62656be4
2021-10-05 17:06:20.967 [main] INFO  o.s.d.r.config.RepositoryConfigurationDelegate - Multiple Spring Data modules found, entering strict repository configuration mode!
2021-10-05 17:06:21.187 [main] INFO  o.springframework.cloud.context.scope.GenericScope - BeanFactory id=c43d9614-2e59-37c8-aca9-0526e6cfd9aa
2021-10-05 17:06:21.225 [main] INFO  o.s.b.f.a.AutowiredAnnotationBeanPostProcessor - JSR-330 'javax.inject.Inject' annotation found and supported for autowiring
2021-10-05 17:06:21.301 [main] INFO  o.s.c.s.PostProcessorRegistrationDelegate$BeanPostProcessorChecker - Bean 'org.springframework.cloud.autoconfigure.ConfigurationPropertiesRebinderAutoConfiguration' of type [org.springframework.cloud.autoconfigure.ConfigurationPropertiesRebinderAutoConfiguration$$EnhancerBySpringCGLIB$$1d6d91aa] is not eligible for getting processed by all BeanPostProcessors (for example: not eligible for auto-proxying)
2021-10-05 17:06:21.310 [main] INFO  o.s.c.s.PostProcessorRegistrationDelegate$BeanPostProcessorChecker - Bean 'org.springframework.transaction.annotation.ProxyTransactionManagementConfiguration' of type [org.springframework.transaction.annotation.ProxyTransactionManagementConfiguration$$EnhancerBySpringCGLIB$$1538ead] is not eligible for getting processed by all BeanPostProcessors (for example: not eligible for auto-proxying)
2021-10-05 17:06:21.515 [main] INFO  com.mchange.v2.log.MLog - MLog clients using log4j logging.
2021-10-05 17:06:21.530 [main] INFO  com.mchange.v2.c3p0.C3P0Registry - Initializing c3p0-0.9.1.1 [built 15-March-2007 01:32:31; debug? true; trace: 10]
2021-10-05 17:06:21.551 [main] INFO  org.quartz.impl.StdSchedulerFactory - Using default implementation for ThreadExecutor
2021-10-05 17:06:21.554 [main] INFO  org.quartz.simpl.SimpleThreadPool - Job execution threads will use class loader of thread: main
2021-10-05 17:06:21.564 [main] INFO  org.quartz.core.SchedulerSignalerImpl - Initialized Scheduler Signaller of type: class org.quartz.core.SchedulerSignalerImpl
2021-10-05 17:06:21.564 [main] INFO  org.quartz.core.QuartzScheduler - Quartz Scheduler v.2.2.3 created.
